<?xml version="1.0" encoding="UTF-8"?>
<!-- Generated by org.testng.reporters.JUnitXMLReporter -->
<testsuite ignored="3" hostname="DESKTOP-M0ACNOV" failures="1" tests="1" name="Test" time="76.659" errors="0" timestamp="24 Dec 2020 05:57:54 GMT">
  <testcase classname="Practice.AppiumFramework.TC_01" name="TestCase4" time="49.118">
    <failure type="java.lang.NoSuchMethodError" message="org.testng.Assert.assertEquals(DD)V">
      <![CDATA[java.lang.NoSuchMethodError: org.testng.Assert.assertEquals(DD)V
at Practice.AppiumFramework.TC_01.TestCase4(TC_01.java:180)
... Removed 25 stack frames]]>
    </failure>
  </testcase> <!-- TestCase4 -->
  <testcase classname="Practice.AppiumFramework.TC_01" name="TestCase2" time="0.0">
    <ignored/>
  </testcase> <!-- TestCase2 -->
  <testcase classname="Practice.AppiumFramework.TC_01" name="TestCase3" time="0.0">
    <ignored/>
  </testcase> <!-- TestCase3 -->
  <testcase classname="Practice.AppiumFramework.TC_01" name="TestCase1" time="0.0">
    <ignored/>
  </testcase> <!-- TestCase1 -->
</testsuite> <!-- Test -->
